{
  "0 info pnpm:global": "Nothing to stop. No server is running for the store at /Users/shaanthakker/.pnpm-store/v3",
  "1 debug pnpm:scope": {
    "selected": 1
  },
  "2 debug pnpm:package-manifest": {
    "initial": {},
    "prefix": "/Users/shaanthakker/pnpm-global/5"
  },
  "3 debug pnpm:context": {
    "currentLockfileExists": false,
    "storeDir": "/Users/shaanthakker/.pnpm-store/v3",
    "virtualStoreDir": "/Users/shaanthakker/pnpm-global/5/node_modules/.pnpm"
  },
  "4 debug pnpm:stage": {
    "prefix": "/Users/shaanthakker/pnpm-global/5",
    "stage": "resolution_started"
  },
  "5 debug pnpm:_dependency_resolved": {
    "resolution": "registry.npmjs.org/pnpm/9.4.0",
    "wanted": {
      "dependentId": ".",
      "name": "pnpm",
      "rawSpec": "latest"
    }
  },
  "6 warn pnpm:install-check": {
    "message": "Unsupported engine for registry.npmjs.org/pnpm/9.4.0: wanted: {\"node\":\">=18.12\"} (current: {\"node\":\"v16.14.2\",\"pnpm\":\"6.11.0\"})",
    "prefix": "/Users/shaanthakker/pnpm-global/5"
  },
  "7 debug pnpm:progress": {
    "packageId": "registry.npmjs.org/pnpm/9.4.0",
    "requester": "/Users/shaanthakker/pnpm-global/5",
    "status": "resolved"
  },
  "8 debug pnpm:package-manifest": {
    "prefix": "/Users/shaanthakker/pnpm-global/5",
    "updated": {
      "dependencies": {
        "pnpm": "^9.4.0"
      }
    }
  },
  "9 debug pnpm:stage": {
    "prefix": "/Users/shaanthakker/pnpm-global/5",
    "stage": "resolution_done"
  },
  "10 debug pnpm:stats": {
    "prefix": "/Users/shaanthakker/pnpm-global/5",
    "removed": 0
  },
  "11 debug pnpm:stage": {
    "prefix": "/Users/shaanthakker/pnpm-global/5",
    "stage": "importing_started"
  },
  "12 debug pnpm:stats": {
    "added": 1,
    "prefix": "/Users/shaanthakker/pnpm-global/5"
  },
  "13 debug pnpm:fetching-progress": {
    "attempt": 1,
    "packageId": "registry.npmjs.org/pnpm/9.4.0",
    "size": 4190110,
    "status": "started"
  },
  "14 debug pnpm:progress": {
    "packageId": "registry.npmjs.org/pnpm/9.4.0",
    "requester": "/Users/shaanthakker/pnpm-global/5",
    "status": "fetched"
  },
  "15 debug pnpm:package-import-method": {
    "method": "hardlink"
  },
  "16 debug pnpm:progress": {
    "method": "hardlink",
    "requester": "/Users/shaanthakker/pnpm-global/5",
    "status": "imported",
    "to": "/Users/shaanthakker/pnpm-global/5/node_modules/.pnpm/pnpm@9.4.0/node_modules/pnpm"
  },
  "17 debug pnpm:stage": {
    "prefix": "/Users/shaanthakker/pnpm-global/5",
    "stage": "importing_done"
  },
  "18 debug pnpm:link": {
    "target": "/Users/shaanthakker/pnpm-global/5/node_modules/.pnpm/pnpm@9.4.0/node_modules/pnpm",
    "link": "/Users/shaanthakker/pnpm-global/5/node_modules/pnpm"
  },
  "19 debug pnpm:root": {
    "added": {
      "dependencyType": "prod",
      "id": "registry.npmjs.org/pnpm/9.4.0",
      "name": "pnpm",
      "realName": "pnpm",
      "version": "9.4.0"
    },
    "prefix": "/Users/shaanthakker/pnpm-global/5"
  },
  "20 error pnpm": {
    "errno": -13,
    "code": "EACCES",
    "syscall": "open",
    "path": "/usr/local/bin/pnpm",
    "err": {
      "name": "Error",
      "message": "EACCES: permission denied, open '/usr/local/bin/pnpm'",
      "code": "EACCES",
      "stack": "Error: EACCES: permission denied, open '/usr/local/bin/pnpm'"
    }
  }
}